[backblue.gif]
[fade.gif]
[index.html]
[premiumlayers.com/html/maxrestaurant/assets/images/favicon.ico]
[premiumlayers.com/html/maxrestaurant/assets/images/apple-touch-icon-114x114-precomposed.png]
[premiumlayers.com/html/maxrestaurant/assets/images/apple-touch-icon-57x57-precomposed.png]
[premiumlayers.com/html/maxrestaurant/assets/images/logo.png]
[premiumlayers.com/html/maxrestaurant/assets/images/slide1.jpg]
[premiumlayers.com/html/maxrestaurant/assets/images/about-thumb.jpg]
[premiumlayers.com/html/maxrestaurant/assets/images/chef-sign.png]
[premiumlayers.com/html/maxrestaurant/assets/images/about-img1.jpg]
[premiumlayers.com/html/maxrestaurant/assets/images/about-img2.jpg]
[premiumlayers.com/html/maxrestaurant/assets/images/surprise-icon.png]
[premiumlayers.com/html/maxrestaurant/assets/images/srv1.png]
[premiumlayers.com/html/maxrestaurant/assets/images/srv2.png]
[premiumlayers.com/html/maxrestaurant/assets/images/srv3.png]
[premiumlayers.com/html/maxrestaurant/assets/images/srv4.png]
[premiumlayers.com/html/maxrestaurant/assets/images/counter-ic1.png]
[premiumlayers.com/html/maxrestaurant/assets/images/counter-ic2.png]
[premiumlayers.com/html/maxrestaurant/assets/images/counter-ic3.png]
[premiumlayers.com/html/maxrestaurant/assets/images/counter-ic4.png]
[premiumlayers.com/html/maxrestaurant/assets/images/menu-card1.png]
[premiumlayers.com/html/maxrestaurant/assets/images/menu-card2.png]
[premiumlayers.com/html/maxrestaurant/assets/images/menu1.jpg]
[premiumlayers.com/html/maxrestaurant/assets/images/menu2.jpg]
[premiumlayers.com/html/maxrestaurant/assets/images/menu3.jpg]
[premiumlayers.com/html/maxrestaurant/assets/images/menu4.jpg]
[premiumlayers.com/html/maxrestaurant/assets/images/menu5.jpg]
[premiumlayers.com/html/maxrestaurant/assets/images/menu6.jpg]
[premiumlayers.com/html/maxrestaurant/assets/images/menu7.jpg]
[premiumlayers.com/html/maxrestaurant/assets/images/menu8.jpg]
[premiumlayers.com/html/maxrestaurant/assets/images/menu9.jpg]
[premiumlayers.com/html/maxrestaurant/assets/images/menu10.jpg]
[premiumlayers.com/html/maxrestaurant/assets/images/event1.jpg]
[premiumlayers.com/html/maxrestaurant/assets/images/event2.jpg]
[premiumlayers.com/html/maxrestaurant/assets/images/event3.jpg]
[premiumlayers.com/html/maxrestaurant/assets/images/quote.png]
[premiumlayers.com/html/maxrestaurant/assets/images/latest-post1.jpg]
[premiumlayers.com/html/maxrestaurant/assets/images/latest-post2.jpg]
[premiumlayers.com/html/maxrestaurant/assets/js/jquery-1.12.4.min.js]
[premiumlayers.com/html/maxrestaurant/assets/js/lib.js]
[premiumlayers.com/html/maxrestaurant/assets/revolution/js/jquery.themepunch.tools.min838f.js]
[premiumlayers.com/html/maxrestaurant/assets/revolution/js/jquery.themepunch.revolution.min838f.js]
[premiumlayers.com/html/maxrestaurant/assets/revolution/js/extensions/revolution.extension.video.min.js]
[premiumlayers.com/html/maxrestaurant/assets/revolution/js/extensions/revolution.extension.slideanims.min.js]
[premiumlayers.com/html/maxrestaurant/assets/revolution/js/extensions/revolution.extension.layeranimation.min.js]
[premiumlayers.com/html/maxrestaurant/assets/revolution/js/extensions/revolution.extension.navigation.min.js]
[premiumlayers.com/html/maxrestaurant/assets/js/functions.js]
[premiumlayers.com/html/maxrestaurant/index04b9.html]
[premiumlayers.com/html/maxrestaurant/assets/revolution/fonts/revicons/revicons90c6.eot]
[premiumlayers.com/html/maxrestaurant/assets/revolution/fonts/revicons/revicons90c6.woff]
[premiumlayers.com/html/maxrestaurant/assets/revolution/fonts/revicons/revicons90c6.ttf]
[premiumlayers.com/html/maxrestaurant/assets/revolution/assets/gridtile.png]
[premiumlayers.com/html/maxrestaurant/assets/revolution/assets/gridtile_white.png]
[premiumlayers.com/html/maxrestaurant/assets/revolution/assets/gridtile_3x3.png]
[premiumlayers.com/html/maxrestaurant/assets/revolution/assets/gridtile_3x3_white.png]
[premiumlayers.com/html/maxrestaurant/assets/revolution/assets/coloredbg.png]
[premiumlayers.com/html/maxrestaurant/assets/revolution/assets/loader.gif]
[premiumlayers.com/html/maxrestaurant/assets/revolution/css/settings.css]
[premiumlayers.com/html/maxrestaurant/assets/revolution/fonts/font-awesome/fonts/fontawesome-webfont3e6e.eot]
[premiumlayers.com/html/maxrestaurant/assets/revolution/fonts/font-awesome/fonts/fontawesome-webfontd41d.eot]
[premiumlayers.com/html/maxrestaurant/assets/revolution/fonts/font-awesome/fonts/fontawesome-webfont3e6e.woff2]
[premiumlayers.com/html/maxrestaurant/assets/revolution/fonts/font-awesome/fonts/fontawesome-webfont3e6e.woff]
[premiumlayers.com/html/maxrestaurant/assets/revolution/fonts/font-awesome/fonts/fontawesome-webfont3e6e.ttf]
[premiumlayers.com/html/maxrestaurant/assets/revolution/fonts/font-awesome/css/font-awesome.css]
[premiumlayers.com/html/maxrestaurant/assets/revolution/fonts/font-awesome/fonts/fontawesome-webfont5b62.eot]
[premiumlayers.com/html/maxrestaurant/assets/revolution/fonts/font-awesome/fonts/fontawesome-webfont5b62.woff2]
[premiumlayers.com/html/maxrestaurant/assets/revolution/fonts/font-awesome/fonts/fontawesome-webfont5b62.woff]
[premiumlayers.com/html/maxrestaurant/assets/revolution/fonts/font-awesome/fonts/fontawesome-webfont5b62.ttf]
[premiumlayers.com/html/maxrestaurant/assets/revolution/fonts/font-awesome/css/font-awesome.min.css]
[premiumlayers.com/html/maxrestaurant/assets/revolution/css/layers.css]
[premiumlayers.com/html/maxrestaurant/assets/revolution/css/navigation.css]
[premiumlayers.com/html/maxrestaurant/assets/css/fonts/glyphicons-halflings-regular.eot]
[premiumlayers.com/html/maxrestaurant/assets/css/fonts/glyphicons-halflings-regulard41d.eot]
[premiumlayers.com/html/maxrestaurant/assets/css/fonts/glyphicons-halflings-regular.woff2]
[premiumlayers.com/html/maxrestaurant/assets/css/fonts/glyphicons-halflings-regular.woff]
[premiumlayers.com/html/maxrestaurant/assets/css/fonts/glyphicons-halflings-regular.ttf]
[premiumlayers.com/html/maxrestaurant/assets/css/fonts/fontawesome-webfont3e6e.eot]
[premiumlayers.com/html/maxrestaurant/assets/css/fonts/fontawesome-webfontd41d.eot]
[premiumlayers.com/html/maxrestaurant/assets/css/fonts/fontawesome-webfont3e6e.woff2]
[premiumlayers.com/html/maxrestaurant/assets/css/fonts/fontawesome-webfont3e6e.woff]
[premiumlayers.com/html/maxrestaurant/assets/css/fonts/fontawesome-webfont3e6e.ttf]
[premiumlayers.com/html/maxrestaurant/assets/css/fonts/ElegantIcons.eot]
[premiumlayers.com/html/maxrestaurant/assets/css/fonts/ElegantIconsd41d.eot]
[premiumlayers.com/html/maxrestaurant/assets/css/fonts/ElegantIcons.woff]
[premiumlayers.com/html/maxrestaurant/assets/css/fonts/ElegantIcons.ttf]
[premiumlayers.com/html/maxrestaurant/assets/css/fonts/Stroke-Gap-Icons.eot]
[premiumlayers.com/html/maxrestaurant/assets/css/lib.css]
[premiumlayers.com/html/maxrestaurant/assets/css/plugins.css]
[premiumlayers.com/html/maxrestaurant/assets/images/ftr-link-ic.png]
[premiumlayers.com/html/maxrestaurant/assets/images/ftr-cat-ic.png]
[premiumlayers.com/html/maxrestaurant/assets/images/newsletter-bg.jpg]
[premiumlayers.com/html/maxrestaurant/assets/images/section-header-sep.png]
[premiumlayers.com/html/maxrestaurant/assets/images/page-banner.jpg]
[premiumlayers.com/html/maxrestaurant/assets/images/surprise-sec-bg.jpg]
[premiumlayers.com/html/maxrestaurant/assets/images/counter-bg.jpg]
[premiumlayers.com/html/maxrestaurant/assets/images/book-table-bg.jpg]
[premiumlayers.com/html/maxrestaurant/assets/images/testimonial-bg.jpg]
[premiumlayers.com/html/maxrestaurant/assets/images/gallery-pattern.png]
[premiumlayers.com/html/maxrestaurant/assets/images/blockquote.png]
[premiumlayers.com/html/maxrestaurant/assets/css/elements.css]
[premiumlayers.com/html/maxrestaurant/style.css]
[premiumlayers.com/html/maxrestaurant/index.html]
[premiumlayers.com/html/maxrestaurant/assets/images/logo2.png]
[premiumlayers.com/html/maxrestaurant/assets/images/slide2.jpg]
[premiumlayers.com/html/maxrestaurant/assets/images/slide-logo.png]
[premiumlayers.com/html/maxrestaurant/assets/images/about-img3.jpg]
[premiumlayers.com/html/maxrestaurant/assets/images/gallery1.jpg]
[premiumlayers.com/html/maxrestaurant/assets/images/gallery2.jpg]
[premiumlayers.com/html/maxrestaurant/assets/images/gallery3.jpg]
[premiumlayers.com/html/maxrestaurant/assets/images/gallery4.jpg]
[premiumlayers.com/html/maxrestaurant/assets/images/gallery5.jpg]
[premiumlayers.com/html/maxrestaurant/assets/images/gallery6.jpg]
[premiumlayers.com/html/maxrestaurant/assets/images/gallery7.jpg]
[premiumlayers.com/html/maxrestaurant/assets/images/gallery8.jpg]
[premiumlayers.com/html/maxrestaurant/assets/images/team1.jpg]
[premiumlayers.com/html/maxrestaurant/assets/images/team2.jpg]
[premiumlayers.com/html/maxrestaurant/assets/images/team3.jpg]
[premiumlayers.com/html/maxrestaurant/assets/images/team4.jpg]
[premiumlayers.com/html/maxrestaurant/assets/images/insta1.jpg]
[premiumlayers.com/html/maxrestaurant/assets/images/insta2.jpg]
[premiumlayers.com/html/maxrestaurant/assets/images/insta3.jpg]
[premiumlayers.com/html/maxrestaurant/assets/images/insta4.jpg]
[premiumlayers.com/html/maxrestaurant/assets/images/insta5.jpg]
[premiumlayers.com/html/maxrestaurant/assets/images/insta6.jpg]
[premiumlayers.com/html/maxrestaurant/index2.html]
[premiumlayers.com/html/maxrestaurant/about.html]
[premiumlayers.com/html/maxrestaurant/assets/images/menu-card3.png]
[premiumlayers.com/html/maxrestaurant/assets/images/menu-card4.png]
[premiumlayers.com/html/maxrestaurant/menu.html]
[premiumlayers.com/html/maxrestaurant/assets/images/reservation.png]
[premiumlayers.com/html/maxrestaurant/assets/js/datepicker/jquery-ui.min.js]
[premiumlayers.com/html/maxrestaurant/reservation.html]
[premiumlayers.com/html/maxrestaurant/assets/images/gallery9.jpg]
[premiumlayers.com/html/maxrestaurant/assets/images/gallery10.jpg]
[premiumlayers.com/html/maxrestaurant/assets/images/gallery11.jpg]
[premiumlayers.com/html/maxrestaurant/assets/images/gallery12.jpg]
[premiumlayers.com/html/maxrestaurant/gallery.html]
[premiumlayers.com/html/maxrestaurant/assets/images/404.jpg]
[premiumlayers.com/html/maxrestaurant/404.html]
[premiumlayers.com/html/maxrestaurant/assets/images/blog1.jpg]
[premiumlayers.com/html/maxrestaurant/assets/images/blog2.jpg]
[premiumlayers.com/html/maxrestaurant/assets/images/blog3.jpg]
[premiumlayers.com/html/maxrestaurant/assets/images/blog4.jpg]
[premiumlayers.com/html/maxrestaurant/assets/images/blog5.jpg]
[premiumlayers.com/html/maxrestaurant/assets/images/rcnt1.jpg]
[premiumlayers.com/html/maxrestaurant/assets/images/rcnt2.jpg]
[premiumlayers.com/html/maxrestaurant/assets/images/rcnt3.jpg]
[premiumlayers.com/html/maxrestaurant/assets/images/offer-box.jpg]
[premiumlayers.com/html/maxrestaurant/blog.html]
[premiumlayers.com/html/maxrestaurant/assets/images/about-author.jpg]
[premiumlayers.com/html/maxrestaurant/assets/images/comment1.jpg]
[premiumlayers.com/html/maxrestaurant/assets/images/comment2.jpg]
[premiumlayers.com/html/maxrestaurant/assets/images/comment3.jpg]
[premiumlayers.com/html/maxrestaurant/blog-single.html]
[premiumlayers.com/html/maxrestaurant/assets/images/cnt-phone.png]
[premiumlayers.com/html/maxrestaurant/assets/images/cnt-email.png]
[premiumlayers.com/html/maxrestaurant/assets/images/cnt-marker.png]
[premiumlayers.com/html/maxrestaurant/contactus.html]
[premiumlayers.com/html/maxrestaurant/contactus2.html]
[premiumlayers.com/html/maxrestaurant/assets/revolution/fonts/revicons/revicons90c6.svg]
[premiumlayers.com/html/maxrestaurant/assets/revolution/css/openhand.html]
[premiumlayers.com/html/maxrestaurant/assets/revolution/css/closedhand.html]
[premiumlayers.com/html/maxrestaurant/assets/revolution/fonts/font-awesome/fonts/fontawesome-webfont3e6e.svg]
[premiumlayers.com/html/maxrestaurant/assets/revolution/fonts/font-awesome/fonts/fontawesome-webfont5b62.svg]
[premiumlayers.com/html/maxrestaurant/assets/css/fonts/glyphicons-halflings-regular.svg]
[premiumlayers.com/html/maxrestaurant/assets/css/fonts/fontawesome-webfont3e6e.svg]
[premiumlayers.com/html/maxrestaurant/assets/css/fonts/ElegantIcons.svg]
[premiumlayers.com/html/maxrestaurant/assets/js/datepicker/images/ui-icons_444444_256x240.png]
[premiumlayers.com/html/maxrestaurant/assets/js/datepicker/images/ui-icons_555555_256x240.png]
[premiumlayers.com/html/maxrestaurant/assets/js/datepicker/images/ui-icons_ffffff_256x240.png]
[premiumlayers.com/html/maxrestaurant/assets/js/datepicker/images/ui-icons_777620_256x240.png]
[premiumlayers.com/html/maxrestaurant/assets/js/datepicker/images/ui-icons_cc0000_256x240.png]
[premiumlayers.com/html/maxrestaurant/assets/js/datepicker/images/ui-icons_777777_256x240.png]
[premiumlayers.com/html/maxrestaurant/assets/js/datepicker/jquery-ui.min.css]
[premiumlayers.com/html/maxrestaurant/assets/images/apple-touch-icon-72x72-precomposed.html]
